Current Would-Be Value: 101914.71
The market is open.
Today, ZM moved -1.53%
Today, FLIR moved 0.48%
Today, FVRR moved 3.05%
No volume of FVRR to sell
Today, Z moved -1.84%
Today, GLD moved 0.38%
Today, TMO moved 1.84%
Today, GILD moved 0.38%
Today, PPLT moved -1.35%
Today, NCR moved -0.8%
Today, USO moved 1.33%
Today, DGX moved 1.68%
Today, SLV moved 0.56%
Today, LUV moved 1.9%
Today, KTOS moved 0.2%
Today, ADT moved 2.36%
Today, HD moved 2.64%
Today, URI moved 2.74%
Today, AMZN moved -2.05%
Today, CCL moved -2.19%
Today, FB moved -0.65%
Current Would-Be Value: 101948.4
The market is open.
Today, ZM moved -1.33%
Today, FLIR moved 0.53%
Today, FVRR moved 2.88%
Today, Z moved -1.67%
Today, GLD moved 0.4%
Today, TMO moved 1.92%
Today, GILD moved 0.42%
Today, PPLT moved -1.35%
Today, NCR moved -0.74%
Today, USO moved 1.35%
Today, DGX moved 1.67%
Today, SLV moved 0.67%
Today, LUV moved 1.93%
Today, KTOS moved 0.26%
Today, ADT moved 2.49%
Today, HD moved 2.77%
Today, URI moved 2.86%
Today, AMZN moved -1.83%
Today, CCL moved -2.09%
Today, FB moved -0.51%
Current Would-Be Value: 102011.66
The market is open.
Today, ZM moved -1.29%
Today, FLIR moved 0.61%
Today, FVRR moved 3.16%
No volume of FVRR to sell
Today, Z moved -1.37%
Today, GLD moved 0.39%
Today, TMO moved 1.99%
Today, GILD moved 0.42%
Today, PPLT moved -1.35%
Today, NCR moved -0.65%
Today, USO moved 1.33%
Today, DGX moved 1.83%
Today, SLV moved 0.68%
Today, LUV moved 1.96%
Today, KTOS moved 0.33%
Today, ADT moved 2.62%
Today, HD moved 2.86%
Today, URI moved 2.92%
Today, AMZN moved -1.68%
Today, CCL moved -2.09%
Today, FB moved -0.35%
Current Would-Be Value: 102015.83
The market is open.
Today, ZM moved -1.17%
Today, FLIR moved 0.58%
Today, FVRR moved 3.15%
No volume of FVRR to sell
Today, Z moved -1.48%
Today, GLD moved 0.34%
Today, TMO moved 2.02%
Today, GILD moved 0.46%
Today, PPLT moved -1.35%
Today, NCR moved -0.71%
Today, USO moved 1.32%
Today, DGX moved 1.89%
Today, SLV moved 0.59%
Today, LUV moved 1.96%
Today, KTOS moved 0.33%
Today, ADT moved 2.62%
Today, HD moved 2.78%
Today, URI moved 3.07%
No volume of URI to sell
Today, AMZN moved -1.76%
Today, CCL moved -1.96%
Today, FB moved -0.4%
Current Would-Be Value: 102030.05
The market is open.
Today, ZM moved -1.4%
Today, FLIR moved 0.58%
Today, FVRR moved 3.34%
No volume of FVRR to sell
Today, Z moved -1.41%
Today, GLD moved 0.35%
Today, TMO moved 1.99%
Today, GILD moved 0.38%
Today, PPLT moved -1.35%
Today, NCR moved -0.71%
Today, USO moved 1.33%
Today, DGX moved 1.88%
Today, SLV moved 0.62%
Today, LUV moved 1.99%
Today, KTOS moved 0.33%
Today, ADT moved 2.76%
Today, HD moved 2.84%
Today, URI moved 3.08%
No volume of URI to sell
Today, AMZN moved -1.91%
Today, CCL moved -1.83%
Today, FB moved -0.42%
Current Would-Be Value: 112042.65
The market is open.
Today, ZM moved -1.26%
Today, FLIR moved 0.66%
Today, FVRR moved 3.34%
No volume of FVRR to sell
Today, Z moved -1.58%
Today, GLD moved 0.33%
Today, TMO moved 1.95%
Today, GILD moved 0.44%
Today, PPLT moved -1.33%
Today, NCR moved -0.8%
Today, USO moved 1.37%
Today, DGX moved 1.91%
Today, SLV moved 0.58%
Today, LUV moved 2.08%
Today, KTOS moved 0.4%
Today, ADT moved 2.76%
Today, HD moved 2.88%
Today, URI moved 3.12%
No volume of URI to sell
Today, AMZN moved -1.93%
Today, CCL moved -1.8%
Today, FB moved -0.36%
Current Would-Be Value: 112012.6
The market is open.
Today, ZM moved -1.37%
No Action Taken onZM
Today, FLIR moved 0.61%
FLIR has decreased by 0.61% Buy of 250 has been issued.
Today, FVRR moved 3.29%
No volume of FVRR to sell
Today, Z moved -1.67%
No Action Taken onZ
Today, GLD moved 0.32%
GLD has decreased by 0.32% Buy of 12 has been issued.
Today, TMO moved 1.85%
Today, GILD moved 0.42%
GILD has decreased by 0.42% Buy of 20 has been issued.
Today, PPLT moved -1.33%
PPLT has decreased by -1.33% Buy of 370 has been issued.
Today, NCR moved -0.68%
NCR has decreased by -0.68% Buy of 50 has been issued.
Today, USO moved 1.4%
Today, DGX moved 1.79%
Today, SLV moved 0.6%
SLV has decreased by 0.6% Buy of 24 has been issued.
Today, LUV moved 2.02%
Today, KTOS moved 0.46%
KTOS has decreased by 0.46% Buy of 10 has been issued.
Today, ADT moved 2.76%
Today, HD moved 2.73%
Today, URI moved 3.13%
No volume of URI to sell
Today, AMZN moved -2.02%
AMZN has decreased by -2.02% Buy of 2 has been issued.
Today, CCL moved -1.64%
CCL has decreased by -1.64% Buy of 200 has been issued.
Today, FB moved -0.41%
FB has decreased by -0.41% Buy of 10 has been issued.
Current Would-Be Value: 111945.56
The market is open.
Today, ZM moved -1.37%
No Action Taken onZM
Today, FLIR moved 0.48%
No Action Taken onFLIR
Today, FVRR moved 3.06%
No volume of FVRR to sell
Today, Z moved -1.87%
No Action Taken onZ
Today, GLD moved 0.3%
No Action Taken onGLD
Today, TMO moved 1.75%
Today, GILD moved 0.3%
No Action Taken onGILD
Today, PPLT moved -1.33%
No Action Taken onPPLT
Today, NCR moved -0.74%
NCR has decreased by -0.74% Buy of 50 has been issued.
Today, USO moved 1.4%
Today, DGX moved 1.55%
Today, SLV moved 0.53%
SLV has decreased by 0.53% Buy of 24 has been issued.
Today, LUV moved 1.98%
Today, KTOS moved 0.41%
KTOS has decreased by 0.41% Buy of 10 has been issued.
Today, ADT moved 2.76%
Today, HD moved 2.67%
Today, URI moved 3.04%
No volume of URI to sell
Today, AMZN moved -1.98%
AMZN has decreased by -1.98% Buy of 2 has been issued.
Today, CCL moved -1.8%
No Action Taken onCCL
Today, FB moved -0.51%
FB has decreased by -0.51% Buy of 10 has been issued.
Current Would-Be Value: 111881.62
The market is open.
Today, ZM moved -1.31%
No Action Taken onZM
Today, FLIR moved 0.39%
No Action Taken onFLIR
Today, FVRR moved 3.06%
No volume of FVRR to sell
Today, Z moved -2.08%
No Action Taken onZ
Today, GLD moved 0.29%
No Action Taken onGLD
Today, TMO moved 1.65%
Today, GILD moved 0.16%
No Action Taken onGILD
Today, PPLT moved -1.33%
No Action Taken onPPLT
Today, NCR moved -0.83%
No Action Taken onNCR
Today, USO moved 1.33%
Today, DGX moved 1.45%
Today, SLV moved 0.54%
No Action Taken onSLV
Today, LUV moved 1.96%
Today, KTOS moved 0.43%
No Action Taken onKTOS
Today, ADT moved 2.56%
Today, HD moved 2.46%
Today, URI moved 2.88%
Today, AMZN moved -2.13%
No Action Taken onAMZN
Today, CCL moved -1.83%
No Action Taken onCCL
Today, FB moved -0.77%
No Action Taken onFB
Current Would-Be Value: 111750.6
The market is open.
Today, ZM moved -1.43%
No Action Taken onZM
Today, FLIR moved 0.38%
No Action Taken onFLIR
Today, FVRR moved 2.64%
Today, Z moved -2.15%
No Action Taken onZ
Today, GLD moved 0.29%
No Action Taken onGLD
Today, TMO moved 1.48%
Today, GILD moved 0.05%
No Action Taken onGILD
Today, PPLT moved -1.38%
No Action Taken onPPLT
Today, NCR moved -0.74%
No Action Taken onNCR
Today, USO moved 1.23%
Today, DGX moved 1.36%
Today, SLV moved 0.51%
No Action Taken onSLV
Today, LUV moved 1.93%
Today, KTOS moved 0.4%
No Action Taken onKTOS
Today, ADT moved 2.56%
Today, HD moved 2.28%
Today, URI moved 2.83%
Today, AMZN moved -2.47%
No Action Taken onAMZN
Today, CCL moved -1.9%
No Action Taken onCCL
Today, FB moved -0.89%
No Action Taken onFB
Current Would-Be Value: 111754.78
The market is open.
Today, ZM moved -1.45%
No Action Taken onZM
Today, FLIR moved 0.38%
Today, FVRR moved 2.64%
No volume of FVRR to sell
Today, Z moved -2.1%
No Action Taken onZ
Today, GLD moved 0.3%
Today, TMO moved 1.46%
Today, GILD moved 0.03%
Today, PPLT moved -1.38%
No Action Taken onPPLT
Today, NCR moved -0.68%
Today, USO moved 1.33%
Today, DGX moved 1.45%
Today, SLV moved 0.56%
Today, LUV moved 1.99%
Today, KTOS moved 0.26%
Today, ADT moved 2.56%
ADT has increased by 2.56% Sell of 99 has been issued.
Today, HD moved 2.37%
HD has increased by 2.37% Sell of 9 has been issued.
Today, URI moved 2.81%
No volume of URI to sell
Today, AMZN moved -2.42%
No Action Taken onAMZN
Today, CCL moved -1.77%
No Action Taken onCCL
Today, FB moved -0.85%
Current Would-Be Value: 111741.63
The market is open.
Today, ZM moved -1.58%
No Action Taken onZM
Today, FLIR moved 0.4%
Today, FVRR moved 2.54%
No volume of FVRR to sell
Today, Z moved -2.1%
No Action Taken onZ
Today, GLD moved 0.31%
Today, TMO moved 1.53%
Today, GILD moved 0.01%
Today, PPLT moved -1.37%
No Action Taken onPPLT
Today, NCR moved -0.62%
Today, USO moved 1.3%
Today, DGX moved 1.55%
Today, SLV moved 0.54%
Today, LUV moved 1.96%
Today, KTOS moved 0.36%
Today, ADT moved 2.62%
No volume of ADT to sell
Today, HD moved 2.36%
No volume of HD to sell
Today, URI moved 2.85%
No volume of URI to sell
Today, AMZN moved -2.61%
No Action Taken onAMZN
Today, CCL moved -1.83%
No Action Taken onCCL
Today, FB moved -1.02%
No Action Taken onFB
Current Would-Be Value: 111745.12
The market is open.
Today, ZM moved -1.69%
No Action Taken onZM
Today, FLIR moved 0.43%
Today, FVRR moved 2.49%
No volume of FVRR to sell
Today, Z moved -2.03%
No Action Taken onZ
Today, GLD moved 0.33%
Today, TMO moved 1.68%
Today, GILD moved 0.04%
Today, PPLT moved -1.37%
No Action Taken onPPLT
Today, NCR moved -0.62%
Today, USO moved 1.3%
Today, DGX moved 1.54%
Today, SLV moved 0.59%
Today, LUV moved 1.87%
Today, KTOS moved 0.4%
Today, ADT moved 2.56%
No volume of ADT to sell
Today, HD moved 2.47%
No volume of HD to sell
Today, URI moved 2.94%
No volume of URI to sell
Today, AMZN moved -2.5%
No Action Taken onAMZN
Today, CCL moved -1.86%
No Action Taken onCCL
Today, FB moved -0.9%
Current Would-Be Value: 111767.62
The market is open.
Today, ZM moved -1.61%
No Action Taken onZM
Today, FLIR moved 0.45%
Today, FVRR moved 2.24%
No volume of FVRR to sell
Today, Z moved -2.01%
No Action Taken onZ
Today, GLD moved 0.36%
Today, TMO moved 1.77%
Today, GILD moved 0.18%
Today, PPLT moved -1.35%
No Action Taken onPPLT
Today, NCR moved -0.47%
Today, USO moved 1.39%
Today, DGX moved 1.58%
Today, SLV moved 0.64%
Today, LUV moved 1.88%
Today, KTOS moved 0.4%
Today, ADT moved 2.56%
No volume of ADT to sell
Today, HD moved 2.54%
No volume of HD to sell
Today, URI moved 2.97%
No volume of URI to sell
Today, AMZN moved -2.43%
No Action Taken onAMZN
Today, CCL moved -1.78%
No Action Taken onCCL
Today, FB moved -0.81%
Current Would-Be Value: 111710.01
The market is open.
Today, ZM moved -1.76%
No Action Taken onZM
Today, FLIR moved 0.4%
Today, FVRR moved 2.24%
No volume of FVRR to sell
Today, Z moved -2.08%
No Action Taken onZ
Today, GLD moved 0.37%
Today, TMO moved 1.62%
Today, GILD moved 0.2%
Today, PPLT moved -1.35%
No Action Taken onPPLT
Today, NCR moved -0.47%
Today, USO moved 1.37%
Today, DGX moved 1.41%
Today, SLV moved 0.65%
Today, LUV moved 1.78%
Today, KTOS moved 0.4%
Today, ADT moved 2.53%
No volume of ADT to sell
Today, HD moved 2.45%
No volume of HD to sell
Today, URI moved 2.9%
No volume of URI to sell
Today, AMZN moved -2.63%
No Action Taken onAMZN
Today, CCL moved -1.9%
No Action Taken onCCL
Today, FB moved -1.05%
No Action Taken onFB
Current Would-Be Value: 111772.38
The market is open.
Today, ZM moved -1.77%
No Action Taken onZM
Today, FLIR moved 0.4%
Today, FVRR moved 2.57%
No volume of FVRR to sell
Today, Z moved -2.06%
No Action Taken onZ
Today, GLD moved 0.37%
Today, TMO moved 1.7%
Today, GILD moved 0.2%
Today, PPLT moved -1.35%
No Action Taken onPPLT
Today, NCR moved -0.47%
Today, USO moved 1.35%
Today, DGX moved 1.35%
Today, SLV moved 0.65%
Today, LUV moved 1.79%
Today, KTOS moved 0.4%
Today, ADT moved 2.56%
No volume of ADT to sell
Today, HD moved 2.48%
No volume of HD to sell
Today, URI moved 2.92%
No volume of URI to sell
Today, AMZN moved -2.55%
No Action Taken onAMZN
Today, CCL moved -1.84%
No Action Taken onCCL
Today, FB moved -0.91%
Current Would-Be Value: 111783.79
The market is open.
Today, ZM moved -1.84%
No Action Taken onZM
Today, FLIR moved 0.45%
Today, FVRR moved 2.56%
No volume of FVRR to sell
Today, Z moved -1.96%
No Action Taken onZ
Today, GLD moved 0.37%
Today, TMO moved 1.71%
Today, GILD moved 0.17%
Today, PPLT moved -1.35%
No Action Taken onPPLT
Today, NCR moved -0.44%
Today, USO moved 1.37%
Today, DGX moved 1.49%
Today, SLV moved 0.72%
Today, LUV moved 1.84%
Today, KTOS moved 0.46%
Today, ADT moved 2.62%
No volume of ADT to sell
Today, HD moved 2.56%
No volume of HD to sell
Today, URI moved 3.04%
No volume of URI to sell
Today, AMZN moved -2.53%
No Action Taken onAMZN
Today, CCL moved -1.71%
No Action Taken onCCL
Today, FB moved -0.92%
Current Would-Be Value: 111695.04
The market is open.
Today, ZM moved -1.81%
No Action Taken onZM
Today, FLIR moved 0.35%
Today, FVRR moved 2.27%
No volume of FVRR to sell
Today, Z moved -2.03%
No Action Taken onZ
Today, GLD moved 0.37%
Today, TMO moved 1.67%
Today, GILD moved 0.1%
Today, PPLT moved -1.35%
No Action Taken onPPLT
Today, NCR moved -0.62%
Today, USO moved 1.32%
Today, DGX moved 1.36%
Today, SLV moved 0.71%
Today, LUV moved 1.65%
Today, KTOS moved 0.33%
Today, ADT moved 2.56%
No volume of ADT to sell
Today, HD moved 2.49%
No volume of HD to sell
Today, URI moved 2.98%
No volume of URI to sell
Today, AMZN moved -2.75%
No Action Taken onAMZN
Today, CCL moved -2.09%
No Action Taken onCCL
Today, FB moved -0.99%
Current Would-Be Value: 111676.48
The market is open.
Today, ZM moved -1.71%
No Action Taken on ZM
Today, FLIR moved 0.3%
Today, FVRR moved 2.27%
No volume of FVRR to sell
Today, Z moved -2.06%
No Action Taken on Z
Today, GLD moved 0.37%
Today, TMO moved 1.62%
Today, GILD moved 0.05%
Today, PPLT moved -1.36%
No Action Taken on PPLT
Today, NCR moved -0.65%
Today, USO moved 1.3%
Today, DGX moved 1.35%
Today, SLV moved 0.72%
Today, LUV moved 1.59%
Today, KTOS moved 0.26%
Today, ADT moved 2.49%
No volume of ADT to sell
Today, HD moved 2.57%
No volume of HD to sell
Today, URI moved 2.95%
No volume of URI to sell
Today, AMZN moved -2.63%
No Action Taken on AMZN
Today, CCL moved -2.06%
No Action Taken on CCL
Today, FB moved -1.02%
No Action Taken on FB
Current Would-Be Value: 111692.48
The market is open.
Today, ZM moved -1.67%
No Action Taken on ZM
Today, FLIR moved 0.28%
Today, FVRR moved 2.3%
No volume of FVRR to sell
Today, Z moved -1.9%
No Action Taken on Z
Today, GLD moved 0.35%
Today, TMO moved 1.64%
Today, GILD moved 0.03%
Today, PPLT moved -1.36%
No Action Taken on PPLT
Today, NCR moved -0.65%
Today, USO moved 1.28%
Today, DGX moved 1.28%
Today, SLV moved 0.71%
Today, LUV moved 1.56%
Today, KTOS moved 0.23%
Today, ADT moved 2.49%
No volume of ADT to sell
Today, HD moved 2.57%
No volume of HD to sell
Today, URI moved 2.95%
No volume of URI to sell
Today, AMZN moved -2.63%
No Action Taken on AMZN
Today, CCL moved -2.06%
No Action Taken on CCL
Today, FB moved -1.09%
No Action Taken on FB
Current Would-Be Value: 111668.18
The market is open.
Today, ZM moved -1.66%
No Action Taken on ZM
Today, FLIR moved 0.2%
Today, FVRR moved 2.28%
No volume of FVRR to sell
Today, Z moved -1.99%
No Action Taken on Z
Today, GLD moved 0.37%
Today, TMO moved 1.61%
Today, GILD moved 0.05%
Today, PPLT moved -1.36%
No Action Taken on PPLT
Today, NCR moved -0.83%
Today, USO moved 1.3%
Today, DGX moved 1.3%
Today, SLV moved 0.73%
Today, LUV moved 1.49%
Today, KTOS moved 0.13%
Today, ADT moved 2.76%
No volume of ADT to sell
Today, HD moved 2.53%
No volume of HD to sell
Today, URI moved 2.84%
No volume of URI to sell
Today, AMZN moved -2.69%
No Action Taken on AMZN
Today, CCL moved -2.22%
No Action Taken on CCL
Today, FB moved -1.15%
No Action Taken on FB
Current Would-Be Value: 111603.73
The market is open.
Current Would-Be Value: 111612.06
The market is open.
Current Would-Be Value: 111634.64
The market is open.
Current Would-Be Value: 111647.07
The market is open.
Current Would-Be Value: 111714.3
The market is open.
Current Would-Be Value: 111909.09
The market is open.
Current Would-Be Value: 111939.98
Change in portfolio: 33586.34498999998
The market is open.
Current Would-Be Value: 112006.18
Change in portfolio: 40533.57284
The market is open.
Current Would-Be Value: 112015.71
Change in portfolio: 41472.16419800002
The market is open.
Current Would-Be Value: 112025.79
Change in portfolio: 42549.17802600001
The market is open.
  File "daytrade.py", line 39
    grosschange = portfolio[index][5] * 
                                       ^
SyntaxError: invalid syntax
  File "daytrade.py", line 39
    grosschange = portfolio[index][5] * 
                                       ^
SyntaxError: invalid syntax
Gross change is: -2476.826923076923
Gross change is: 19495.14705882353
Gross change is: 4610.112359550562
Gross change is: -147.4871794871795
Gross change is: 5100.9
Gross change is: 6678.659459459459
Gross change is: 5493.157142857143
Gross change is: -21286.81259259259
Gross change is: -1423.7288135593221
Gross change is: 291.0287769784173
Gross change is: 733.5757575757576
Gross change is: 477.06933333333336
Gross change is: 21.256410256410252
Gross change is: 330.8695652173913
Gross change is: 222.88135593220338
Gross change is: 892.6388888888889
Gross change is: 493.7735849056604
Gross change is: -2963.9024390243903
Gross change is: -1475.8620689655174
Gross change is: -3653.3846153846152
Change in portfolio: 0
The market is open.
Gross change is: -2125.1239669421484
Gross change is: 22083.333333333332
Gross change is: 4623.033707865168
Gross change is: -126.63970588235293
Gross change is: 5231.384615384615
Gross change is: 6823.602209944751
Gross change is: 4526.470588235294
Gross change is: -21287.333333333332
Gross change is: -1423.7288135593221
Gross change is: 295.22627737226276
Gross change is: 733.6363636363636
Gross change is: 461.80645161290323
Gross change is: 20.23475609756098
Gross change is: 330.8695652173913
Gross change is: 275.9330985915493
Gross change is: 898.7062937062935
Gross change is: 493.7735849056604
Gross change is: -3135.4550515463916
Gross change is: -1578.9473684210527
Gross change is: -4027.1186440677966
Change in portfolio: 0
The market is open.
Gross change is: -2429.7169811320755
Gross change is: 20708.333333333332
Gross change is: 5065.846153846153
Gross change is: -130.52272727272728
Gross change is: 5100.75
Gross change is: 6714.608695652173
Gross change is: 4160.540540540541
Gross change is: -20816.521739130436
Gross change is: -1911.931818181818
Gross change is: 291.0287769784173
Gross change is: 724.9700598802395
Gross change is: 447.5
Gross change is: 19.308139534883722
Gross change is: 330.8695652173913
Gross change is: 453.2163742690058
Gross change is: 914.1992882562278
Gross change is: 490.76562499999994
Gross change is: -3168.75
Gross change is: -1613.4408602150536
Gross change is: -3597.530303030303
Change in portfolio: 0
The market is open.
Gross change is: -20.399206349206345
Gross change is: 131.15131578947367
Gross change is: 48.058479532163744
Gross change is: -1.5276106194690269
Gross change is: 55.13027027027027
Gross change is: 64.07129533678757
Gross change is: 32.108333333333334
Gross change is: -208.16521739130434
Gross change is: -23.38888888888889
Gross change is: 2.8899999999999997
Gross change is: 6.555675675675676
Gross change is: 4.618064516129032
Gross change is: 0.18070652173913043
Gross change is: 2.583050847457627
Gross change is: 4.722560975609756
Gross change is: 8.987062937062936
Gross change is: 4.6815476190476195
Gross change is: -33.649613259668506
Gross change is: -18.341463414634145
Gross change is: -46.62549019607843
Change in portfolio: 0
The market is open.
Gross change is: -24.06588785046729
Gross change is: 131.15131578947367
Gross change is: 48.058479532163744
Gross change is: -1.336046511627907
Gross change is: 53.684210526315795
Gross change is: 68.61155555555555
Gross change is: 32.78723404255319
Gross change is: -208.16521739130434
Gross change is: -16.815
Gross change is: 2.9954814814814816
Gross change is: 7.380182926829269
Gross change is: 4.475
Gross change is: 0.20113999999999999
Gross change is: 3.8025
Gross change is: 4.5321637426900585
Gross change is: 9.336
Gross change is: 4.968037974683544
Gross change is: -30.866802030456853
Gross change is: -16.40415300546448
Gross change is: -37.7
Change in portfolio: 0
The market is open.
Gross change for ZM is: -22.77448672566372
Gross change for FLIR is: 136.50684931506848
Gross change for FVRR is: 46.23033707865169
Gross change for Z is: -1.449831932773109
Gross change for GLD is: 49.77073170731707
Gross change for TMO is: 67.50426229508197
Gross change for GILD is: 30.227450980392156
Gross change for PPLT is: -211.28088235294118
Gross change for NCR is: -20.524390243902438
Gross change for USO is: 2.8899999999999997
Gross change for DGX is: 6.885227272727273
Gross change for SLV is: 4.340606060606061
Gross change for LUV is: 0.1887784090909091
Gross change for KTOS is: 2.8735849056603775
Gross change for ADT is: 4.381355932203389
Gross change for HD is: 9.079505300353357
Gross change for URI is: 4.777507598784195
Gross change for AMZN is: -30.709404040404042
Gross change for CCL is: -18.341463414634145
Gross change for FB is: -50.61551063829788
Change in portfolio: 0
The market is open.
Gross change for ZM is: -24.530476190476193
Gross change for FLIR is: 146.5441176470588
Gross change for FVRR is: 46.35492957746479
Gross change for Z is: -1.336046511627907
Gross change for GLD is: 45.36266666666667
Gross change for TMO is: 68.9877094972067
Gross change for GILD is: 33.495652173913044
Gross change for PPLT is: -211.28088235294118
Gross change for NCR is: -20.524390243902438
Gross change for USO is: 2.9954814814814816
Gross change for DGX is: 7.1650887573964495
Gross change for SLV is: 4.214117647058824
Gross change for LUV is: 0.19308139534883723
Gross change for KTOS is: 2.583050847457627
Gross change for ADT is: 4.217391304347826
Gross change for HD is: 9.017192982456141
Gross change for URI is: 4.805963302752294
Gross change for AMZN is: -30.3946
Gross change for CCL is: -18.00634730538922
Gross change for FB is: -41.69305263157895
Change in portfolio: 0
The market is open.
Gross change for ZM is: -24.767307692307693
Gross change for FLIR is: 177.85580357142854
Gross change for FVRR is: 48.193548387096776
Gross change for Z is: -1.1089393548387096
Gross change for GLD is: 48.58857142857143
Gross change for TMO is: 68.9877094972067
Gross change for GILD is: 35.82325581395349
Gross change for PPLT is: -211.28088235294118
Gross change for NCR is: -16.815
Gross change for USO is: 3.0175014925373134
Gross change for DGX is: 7.1241176470588226
Gross change for SLV is: 4.475
Gross change for LUV is: 0.2048148148148148
Gross change for KTOS is: 2.8735849056603775
Gross change for ADT is: 4.722560975609756
Gross change for HD is: 9.403296703296704
Gross change for URI is: 4.983492063492063
Gross change for AMZN is: -28.63995283018868
Gross change for CCL is: -16.4048087431694
Gross change for FB is: -35.97727272727273
Change in portfolio: 0
The market is open.
Gross change for ZM is: -21.613672268907564
Gross change for FLIR is: 177.64732142857142
Gross change for FVRR is: 49.05671641791045
Gross change for Z is: -1.2663970588235294
Gross change for GLD is: 48.5908
Gross change for TMO is: 65.40190476190476
Gross change for GILD is: 31.455102040816325
Gross change for PPLT is: -209.72518248175183
Gross change for NCR is: -16.815
Gross change for USO is: 2.9102877697841723
Gross change for DGX is: 6.885227272727274
Gross change for SLV is: 4.340606060606061
Gross change for LUV is: 0.19531823529411763
Gross change for KTOS is: 3.045
Gross change for ADT is: 4.722560975609756
Gross change for HD is: 9.369160583941605
Gross change for URI is: 5.125490196078432
Gross change for AMZN is: -29.935566502463058
Gross change for CCL is: -17.269655172413792
Gross change for FB is: -38.94508196721311
Change in portfolio: 0
The market is open.
Gross change for ZM is: -20.39920634920635
Gross change for FLIR is: 140.31338028169014
Gross change for FVRR is: 50.94409937888199
Gross change for Z is: -1.256934306569343
Gross change for GLD is: 48.58857142857143
Gross change for TMO is: 66.08770053475935
Gross change for GILD is: 30.83076
Gross change for PPLT is: -212.87333333333333
Gross change for NCR is: -14.23728813559322
Gross change for USO is: 2.952262773722628
Gross change for DGX is: 6.3865
Gross change for SLV is: 4.618064516129032
Gross change for LUV is: 0.1856703910614525
Gross change for KTOS is: 2.8735849056603775
Gross change for ADT is: 4.5321637426900585
Gross change for HD is: 9.079151943462898
Gross change for URI is: 5.029807692307693
Gross change for AMZN is: -30.24042388059702
Gross change for CCL is: -18.005988023952096
Gross change for FB is: -42.44251785714285
Change in portfolio: 32.966025702542815
The market is open.
Gross change for ZM is: -21.07540983606557
Gross change for FLIR is: 146.47058823529412
Gross change for FVRR is: 47.78488372093023
Gross change for Z is: -1.2855223880597013
Gross change for GLD is: 47.46697674418604
Gross change for TMO is: 66.43956989247312
Gross change for GILD is: 31.456734693877554
Gross change for PPLT is: -212.87333333333333
Gross change for NCR is: -13.54435483870968
Gross change for USO is: 2.9738161764705886
Gross change for DGX is: 5.7363207547169806
Gross change for SLV is: 4.384579591836735
Gross change for LUV is: 0.18668539325842695
Gross change for KTOS is: 2.4198412698412697
Gross change for ADT is: 4.217391304347826
Gross change for HD is: 8.956794425087107
Gross change for URI is: 5.045337620578778
Gross change for AMZN is: -31.35340206185567
Gross change for CCL is: -17.68235294117647
Gross change for FB is: -56.667857142857144
Change in portfolio: 19.057287280841166
The market is open.
Gross change for ZM is: -26.853125000000002
-0.96
Gross change for FLIR is: 158.015873015873
0.63
Gross change for FVRR is: 47.78488372093023
3.44
Gross change for Z is: -1.2855223880597013
-1.34
Gross change for GLD is: 47.46697674418604
0.43
Gross change for TMO is: 63.42728205128205
1.95
Gross change for GILD is: 30.827999999999996
0.5
Gross change for PPLT is: -211.28088235294115
-1.36
Gross change for NCR is: -10.88961038961039
-0.77
Gross change for USO is: 2.8899999999999997
1.4
Gross change for DGX is: 5.5811926605504585
2.18
Gross change for SLV is: 4.475
0.96
Gross change for LUV is: 0.1856703910614525
1.79
Gross change for KTOS is: 2.4198412698412697
0.63
Gross change for ADT is: 3.493273542600897
2.23
Gross change for HD is: 8.836941580756013
2.91
Gross change for URI is: 4.9987229299363065
3.14
Gross change for AMZN is: -33.46153846153846
-1.82
Gross change for CCL is: -18.80625
-1.6
Gross change for FB is: -72.18784848484849
-0.33
Change in portfolio: 5.638880830019545
The market is open.
Gross change for ZM is: -2429.5349056603773
-1.06
Gross change for FLIR is: 14647.05882352941
0.68
Gross change for FVRR is: 4725.574712643678
3.48
Gross change for Z is: -150.07826086956524
-1.15
Gross change for GLD is: 4746.558139534884
0.43
Gross change for TMO is: 6217.809045226131
1.99
Gross change for GILD is: 2571.666666666667
0.6
Gross change for PPLT is: -21287.333333333332
-1.35
Gross change for NCR is: -1789.3617021276598
-0.47
Gross change for USO is: 295.22627737226276
1.37
Gross change for DGX is: 555.662100456621
2.19
Gross change for SLV is: 413.4230769230769
1.04
Gross change for LUV is: 18.266483516483515
1.82
Gross change for KTOS is: 258.3050847457627
0.59
Gross change for ADT is: 313.65461847389554
2.49
Gross change for HD is: 877.7815699658703
2.93
Gross change for URI is: 487.8105590062112
3.22
Gross change for AMZN is: -3767.156172839506
-1.62
Gross change for CCL is: -1880.6125
-1.6
Gross change for FB is: -8512.142857142857
-0.28
Change in portfolio: -3687.422573912344
The market is open.
Gross change for ZM is: -22.5719298245614
-1.14
Gross change for FLIR is: 158.015873015873
0.63
Gross change for FVRR is: 45.247252747252745
3.64
Gross change for Z is: -1.4877155172413794
-1.16
Gross change for GLD is: 47.465581395348835
0.43
Gross change for TMO is: 62.1764824120603
1.99
Gross change for GILD is: 25.298360655737703
0.61
Gross change for PPLT is: -212.87333333333333
-1.35
Gross change for NCR is: -17.893617021276597
-0.47
Gross change for USO is: 2.9102877697841727
1.39
Gross change for DGX is: 5.507239819004525
2.21
Gross change for SLV is: 4.255817821782179
1.01
Gross change for LUV is: 0.19761904761904764
1.68
Gross change for KTOS is: 2.720535714285714
0.56
Gross change for ADT is: 2.9847328244274807
2.62
Gross change for HD is: 8.777815699658703
2.93
Gross change for URI is: 4.763633333333335
3.3
Gross change for AMZN is: -37.43533742331289
-1.63
Gross change for CCL is: -17.68235294117647
-1.7
Gross change for FB is: -91.6923076923077
-0.26
Change in portfolio: -31.315361497041977
The market is open.
Gross change for ZM is: -20.902439024390247
-1.23
Gross change for FLIR is: 163.15573770491804
0.61
Gross change for FVRR is: 45.247252747252745
3.64
Gross change for Z is: -1.3917338709677418
-1.24
Gross change for GLD is: 49.77219512195123
0.41
Gross change for TMO is: 58.166384976525826
2.13
Gross change for GILD is: 24.4984126984127
0.63
Gross change for PPLT is: -212.87333333333333
-1.35
Gross change for NCR is: -17.893617021276597
-0.47
Gross change for USO is: 2.89
1.4
Gross change for DGX is: 5.411422222222223
2.25
Gross change for SLV is: 4.340654545454545
0.99
Gross change for LUV is: 0.22238255033557044
1.49
Gross change for KTOS is: 2.5830508474576273
0.59
Gross change for ADT is: 3.052734375
2.56
Gross change for HD is: 8.866551724137931
2.9
Gross change for URI is: 4.735843373493975
3.32
Gross change for AMZN is: -38.392075471698114
-1.59
Gross change for CCL is: -18.34146341463415
-1.64
Gross change for FB is: -132.54533333333336
-0.18
Change in portfolio: -69.39737258247112
The market is open.
Gross change for ZM is: -20.075390624999997
-1.28
Gross change for FLIR is: 150.87121212121212
0.66
Gross change for FVRR is: 44.080213903743314
3.74
Gross change for Z is: -1.413688524590164
-1.22
Gross change for GLD is: 49.77073170731708
0.41
Gross change for TMO is: 58.70635071090048
2.11
Gross change for GILD is: 23.75076923076923
0.65
Gross change for PPLT is: -211.28088235294115
-1.36
Gross change for NCR is: -16.815
-0.5
Gross change for USO is: 2.8106944444444446
1.44
Gross change for DGX is: 5.0808333333333335
2.4
Gross change for SLV is: 4.297847999999999
1.0
Gross change for LUV is: 0.2152701298701299
1.54
Gross change for KTOS is: 2.4198412698412697
0.63
Gross change for ADT is: 3.1365461847389553
2.49
Gross change for HD is: 8.777815699658703
2.93
Gross change for URI is: 4.820245398773006
3.26
Gross change for AMZN is: -41.00993288590604
-1.49
Gross change for CCL is: -18.0059880239521
-1.67
Gross change for FB is: -149.15312500000002
-0.16
Change in portfolio: -99.01563527778742
The market is open.
Gross change for ZM is: -21.61344537815126
-1.19
Gross change for FLIR is: 153.18692307692308
0.65
Gross change for FVRR is: 44.080213903743314
3.74
Gross change for Z is: -1.3906451612903226
-1.24
Gross change for GLD is: 49.77073170731708
0.41
Gross change for TMO is: 59.53846153846153
2.08
Gross change for GILD is: 27.063157894736843
0.57
Gross change for PPLT is: -211.28088235294115
-1.36
Gross change for NCR is: -15.858490566037734
-0.53
Gross change for USO is: 2.8497887323943667
1.42
Gross change for DGX is: 5.122268907563025
2.38
Gross change for SLV is: 4.214117647058824
1.02
Gross change for LUV is: 0.2048148148148148
1.62
Gross change for KTOS is: 2.4198412698412697
0.63
Gross change for ADT is: 3.052734375
2.56
Gross change for HD is: 9.017894736842106
2.85
Gross change for URI is: 4.749848942598188
3.31
Gross change for AMZN is: -38.150125
-1.6
Gross change for CCL is: -18.34146341463415
-1.64
Gross change for FB is: -99.35625000000002
-0.24
Change in portfolio: -40.72050432576016
The market is open.
Gross change for ZM is: -21.988034188034188
-1.17
Gross change for FLIR is: 163.15573770491804
0.61
Gross change for FVRR is: 44.65853658536585
3.69
Gross change for Z is: -1.3906451612903226
-1.24
Gross change for GLD is: 49.77073170731708
0.41
Gross change for TMO is: 59.53846153846153
2.08
Gross change for GILD is: 25.71
0.6
Gross change for PPLT is: -212.87333333333333
-1.35
Gross change for NCR is: -20.524390243902438
-0.41
Gross change for USO is: 2.869602836879433
1.41
Gross change for DGX is: 5.060165975103734
2.41
Gross change for SLV is: 4.340606060606061
0.99
Gross change for LUV is: 0.19878263473053892
1.67
Gross change for KTOS is: 2.720535714285714
0.56
Gross change for ADT is: 2.836956521739131
2.76
Gross change for HD is: 8.83676975945017
2.91
Gross change for URI is: 4.601900584795321
3.42
Gross change for AMZN is: -40.73246666666667
-1.5
Gross change for CCL is: -18.80625
-1.6
Gross change for FB is: -125.56426315789473
-0.19
Change in portfolio: -67.58059512746911
The market is open.
Gross change for ZM is: -25.012621359223303
-1.03
Gross change for FLIR is: 163.15573770491804
0.61
Gross change for FVRR is: 43.968
3.75
Gross change for Z is: -1.5698181818181818
-1.1
Gross change for GLD is: 48.58851428571428
0.42
Gross change for TMO is: 58.166384976525826
2.13
Gross change for GILD is: 24.11875
0.64
Gross change for PPLT is: -212.87333333333333
-1.35
Gross change for NCR is: -23.388888888888893
-0.36
Gross change for USO is: 2.8696524822695033
1.41
Gross change for DGX is: 5.019341563786008
2.43
Gross change for SLV is: 4.214117647058824
1.02
Gross change for LUV is: 0.19877245508982036
1.67
Gross change for KTOS is: 2.0904109589041098
0.73
Gross change for ADT is: 2.836956521739131
2.76
Gross change for HD is: 8.866589655172413
2.9
Gross change for URI is: 4.602046783625731
3.42
Gross change for AMZN is: -40.734
-1.5
Gross change for CCL is: -18.34146341463415
-1.64
Gross change for FB is: -79.43333333333334
-0.3
Change in portfolio: -32.658183476427496
The market is open.
Gross change for ZM is: -26.85364583333334
-0.96
Gross change for FLIR is: 150.87121212121212
0.66
Gross change for FVRR is: 44.65582655826558
3.69
Gross change for Z is: -1.5276106194690269
-1.13
Gross change for GLD is: 52.3108
0.39
Gross change for TMO is: 58.166384976525826
2.13
Gross change for GILD is: 26.15084745762712
0.59
Gross change for PPLT is: -212.87333333333333
-1.35
Gross change for NCR is: -20.524390243902438
-0.41
Gross change for USO is: 2.8106944444444446
1.44
Gross change for DGX is: 5.019341563786008
2.43
Gross change for SLV is: 4.340606060606061
0.99
Gross change for LUV is: 0.19877245508982036
1.67
Gross change for KTOS is: 2.0085526315789473
0.76
Gross change for ADT is: 2.908921933085502
2.69
Gross change for HD is: 8.866206896551724
2.9
Gross change for URI is: 4.588758017492711
3.43
Gross change for AMZN is: -41.29412162162161
-1.48
Gross change for CCL is: -18.80625
-1.6
Gross change for FB is: -95.37200000000001
-0.25
Change in portfolio: -54.35442653539388
The market is open.
Gross change for ZM is: -24.067289719626164
-1.07
Gross change for FLIR is: 150.87121212121212
0.66
Gross change for FVRR is: 46.48022598870057
3.54
Gross change for Z is: -1.5007826086956524
-1.15
Gross change for GLD is: 49.77073170731708
0.41
Gross change for TMO is: 57.37925925925925
2.16
Gross change for GILD is: 27.063157894736843
0.57
Gross change for PPLT is: -232.01088709677416
-1.24
Gross change for NCR is: -46.861111111111114
-0.18
Gross change for USO is: 2.8497887323943667
1.42
Gross change for DGX is: 4.69923076923077
2.6
Gross change for SLV is: 4.214117647058824
1.02
Gross change for LUV is: 0.1919942196531792
1.73
Gross change for KTOS is: 1.9329113924050632
0.79
Gross change for ADT is: 2.836956521739131
2.76
Gross change for HD is: 8.837113402061856
2.91
Gross change for URI is: 4.6149560117302055
3.41
Gross change for AMZN is: -42.75818181818182
-1.43
Gross change for CCL is: -20.08
-1.5
Gross change for FB is: -125.5578947368421
-0.19
Change in portfolio: -131.0944914237317
The market is open.
Gross change for ZM is: -28.032608695652176
-0.92
Gross change for FLIR is: 163.15573770491804
0.61
Gross change for FVRR is: 46.48022598870057
3.54
Gross change for Z is: -1.8205263157894738
-0.95
Gross change for GLD is: 51.012
0.4
Gross change for TMO is: 54.42105263157895
2.28
Gross change for GILD is: 25.298360655737703
0.61
Gross change for PPLT is: -212.87333333333333
-1.35
Gross change for NCR is: 140.91666666666669
0.06
Gross change for USO is: 2.8106944444444446
1.44
Gross change for DGX is: 4.629545454545454
2.64
Gross change for SLV is: 4.019282242990654
1.07
Gross change for LUV is: 0.17786096256684492
1.87
Gross change for KTOS is: 1.8403614457831328
0.83
Gross change for ADT is: 7.333333333333332
1.05
Gross change for HD is: 8.497029702970298
3.03
Gross change for URI is: 4.628235294117648
3.4
Gross change for AMZN is: -44.65693430656934
-1.37
Gross change for CCL is: -22.014598540145986
-1.37
Gross change for FB is: -796.5333333333333
-0.03
Change in portfolio: -590.7109479964698
The market is open.
Current Would-Be Value: 112288.13
The market is open.
Current Would-Be Value: 112456.63
The market is open.
Current Would-Be Value: 112486.4
The market is open.
Current Would-Be Value: 112505.47
The market is open.
Current Would-Be Value: 112515.38
The market is open.
Gross change for ZM is: 25.9921
-0.14
Gross change for FLIR is: 100.0361
1.11
Gross change for FVRR is: 165.8634
4.34
Gross change for Z is: 1.7237
-0.82
Gross change for GLD is: 20.4151
0.43
Gross change for TMO is: 124.1641
2.33
Gross change for GILD is: 15.461599999999999
0.76
Gross change for PPLT is: 287.8296
-1.19
Gross change for NCR is: 8.461200000000002
0.12
Gross change for USO is: 4.06
1.4
Gross change for DGX is: 12.27101
2.81
Gross change for SLV is: 4.3234
1.3
Gross change for LUV is: 0.3525
1.96
Gross change for KTOS is: 1.5490000000000002
1.35
Gross change for ADT is: 7.8236
2.36
Gross change for HD is: 25.8325
3.25
Gross change for URI is: 15.7711
3.41
Gross change for AMZN is: 61.6774
-0.56
Gross change for CCL is: 30.1463
-1.37
Gross change for FB is: 23.987260000000003
0.34
Change in portfolio: 937.7409700000001
The market is open.
Gross change for ZM is: 26.0331
0.01
Gross change for FLIR is: 100.0866
1.16
Gross change for FVRR is: 165.6823
4.23
Gross change for Z is: 1.7209999999999999
-0.91
Gross change for GLD is: 20.411412
0.42
Gross change for TMO is: 123.98020000000001
2.18
Gross change for GILD is: 15.4477
0.67
Gross change for PPLT is: 287.99670000000003
-1.13
Gross change for NCR is: 8.436
-0.15
Gross change for USO is: 4.0583
1.37
Gross change for DGX is: 12.2679
2.79
Gross change for SLV is: 4.322647999999999
1.28
Gross change for LUV is: 0.3484
1.65
Gross change for KTOS is: 1.5556999999999999
1.62
Gross change for ADT is: 7.8349
2.49
Gross change for HD is: 25.8023
3.13
Gross change for URI is: 15.7455
3.25
Gross change for AMZN is: 61.759499999999996
-0.43
Gross change for CCL is: 30.0946
-1.54
Gross change for FB is: 23.9937
0.37
Change in portfolio: 937.5784600000001
The market is open.
  File "daytrade.py", line 41
    print("Gross change for " + portfolio[index][0] + " is: " + str(grosschange))
        ^
SyntaxError: invalid syntax
Gross change for ZM is: 2738.631578947369
-0.05
Gross change for FLIR is: 4570.776255707763
1.19
Gross change for FVRR is: 3225.730994152047
4.13
Gross change for Z is: 666.5769230769231
-0.74
Gross change for GLD is: 1398.3287671232877
0.46
Gross change for TMO is: 3921.822784810126
2.16
Gross change for GILD is: 863.6167597765364
0.79
Gross change for PPLT is: -240037.49999999977
-1.12
Gross change for NCR is: 775.9174311926605
0.09
Gross change for USO is: 167.21900826446281
1.42
Gross change for DGX is: 315.7474226804124
2.88
Gross change for SLV is: 183.52340425531912
1.35
Gross change for LUV is: 11.78900709219858
1.82
Gross change for KTOS is: 55.46762589928057
1.78
Gross change for ADT is: 256.60066006600664
2.03
Gross change for HD is: 609.7872340425531
3.23
Gross change for URI is: 363.14087759815243
3.33
Gross change for AMZN is: 11028.214285714284
-0.44
Gross change for CCL is: -6024.0
-1.5
Gross change for FB is: 1622.6756756756756
0.48
Change in portfolio: -213285.93330392477
The market is open.
Gross change for ZM is: 2390.1834862385317
0.09
Gross change for FLIR is: 4470.982142857142
1.24
Gross change for FVRR is: 3167.112810707457
4.23
Gross change for Z is: 577.9
-0.7
Gross change for GLD is: 1398.3287671232877
0.46
Gross change for TMO is: 3874.5999999999995
2.2
Gross change for GILD is: 964.375
0.6
Gross change for PPLT is: -240037.49999999977
-1.12
Gross change for NCR is: 1028.6585365853657
-0.18
Gross change for USO is: 170.65822784810126
1.37
Gross change for DGX is: 305.1741293532339
3.02
Gross change for SLV is: 174.8016194331984
1.47
Gross change for LUV is: 11.472413793103449
1.9
Gross change for KTOS is: 54.140350877192986
1.85
Gross change for ADT is: 232.14285714285714
2.36
Gross change for HD is: 623.9467312348669
3.13
Gross change for URI is: 368.8732394366197
3.26
Gross change for AMZN is: 14344.27906976744
-0.57
Gross change for CCL is: -4700.000000000001
-1.64
Gross change for FB is: 1844.0769230769229
0.3
Change in portfolio: -208735.79369452444
The market is closed.
Gross change for ZM is: -18566.78571428571
-0.14
Gross change for FLIR is: 8411.764705882353
1.19
Gross change for FVRR is: 4132.0
4.0
Gross change for Z is: -279.8709677419355
-0.62
Gross change for GLD is: 4254.25
0.48
Gross change for TMO is: 5635.7818181818175
2.2
Gross change for GILD is: 2571.666666666667
0.6
Gross change for PPLT is: -25718.303571428565
-1.12
Gross change for NCR is: -4686.111111111111
-0.18
Gross change for USO is: 295.22627737226276
1.37
Gross change for DGX is: 406.22516556291396
3.02
Gross change for SLV is: 293.7142857142857
1.47
Gross change for LUV is: 17.510526315789477
1.9
Gross change for KTOS is: 83.4054054054054
1.85
Gross change for ADT is: 330.5084745762712
2.36
Gross change for HD is: 823.2907348242812
3.13
Gross change for URI is: 482.0245398773006
3.26
Gross change for AMZN is: -10821.122807017544
-0.57
Gross change for CCL is: -1834.1463414634147
-1.64
Gross change for FB is: 7990.999999999999
0.3
Current Would-Be Value: 112465.79
Change in portfolio: -26177.971912668923
The market is closed.
Gross change for ZM is: -18566.78571428571
-0.14
Gross change for FLIR is: 8411.764705882353
1.19
Gross change for FVRR is: 4132.0
4.0
Gross change for Z is: -279.8709677419355
-0.62
Gross change for GLD is: 4254.25
0.48
Gross change for TMO is: 5635.7818181818175
2.2
Gross change for GILD is: 2571.666666666667
0.6
Gross change for PPLT is: -25718.303571428565
-1.12
Gross change for NCR is: -4686.111111111111
-0.18
Gross change for USO is: 295.22627737226276
1.37
Gross change for DGX is: 406.22516556291396
3.02
Gross change for SLV is: 293.7142857142857
1.47
Gross change for LUV is: 17.510526315789477
1.9
Gross change for KTOS is: 83.4054054054054
1.85
Gross change for ADT is: 330.5084745762712
2.36
Gross change for HD is: 823.2907348242812
3.13
Gross change for URI is: 482.0245398773006
3.26
Gross change for AMZN is: -10821.122807017544
-0.57
Gross change for CCL is: -1834.1463414634147
-1.64
Gross change for FB is: 7990.999999999999
0.3
Current Would-Be Value: 112465.79
Change in portfolio: -0.23276386457311973
The market is closed.
Gross change for ZM is: -18566.78571428571
-0.14
Gross change for FLIR is: 8411.764705882353
1.19
Gross change for FVRR is: 4132.0
4.0
Gross change for Z is: -279.8709677419355
-0.62
Gross change for GLD is: 4254.25
0.48
Gross change for TMO is: 5635.7818181818175
2.2
Gross change for GILD is: 2571.666666666667
0.6
Gross change for PPLT is: -25718.303571428565
-1.12
Gross change for NCR is: -4686.111111111111
-0.18
Gross change for USO is: 295.22627737226276
1.37
Gross change for DGX is: 406.22516556291396
3.02
Gross change for SLV is: 293.7142857142857
1.47
Gross change for LUV is: 17.510526315789477
1.9
Gross change for KTOS is: 83.4054054054054
1.85
Gross change for ADT is: 330.5084745762712
2.36
Gross change for HD is: 823.2907348242812
3.13
Gross change for URI is: 482.0245398773006
3.26
Gross change for AMZN is: -10821.122807017544
-0.57
Gross change for CCL is: -1834.1463414634147
-1.64
Gross change for FB is: 7990.999999999999
0.3
Current Would-Be Value: 112465.79
Change in portfolio: -0.23276386457311973
The market is closed.
2599.35
Gross change for ZM is: -18566.78571428571
Today's change: -0.14
10010.0
Gross change for FLIR is: 8411.764705882353
Today's change: 1.19
16528.0
Gross change for FVRR is: 4132.0
Today's change: 4.0
173.52
Gross change for Z is: -279.8709677419355
Today's change: -0.62
2042.04
Gross change for GLD is: 4254.25
Today's change: 0.48
12398.72
Gross change for TMO is: 5635.7818181818175
Today's change: 2.2
1543.0
Gross change for GILD is: 2571.666666666667
Today's change: 0.6
28804.499999999996
Gross change for PPLT is: -25718.303571428565
Today's change: -1.12
843.5
Gross change for NCR is: -4686.111111111111
Today's change: -0.18
404.46000000000004
Gross change for USO is: 295.22627737226276
Today's change: 1.37
1226.8000000000002
Gross change for DGX is: 406.22516556291396
Today's change: 3.02
431.76
Gross change for SLV is: 293.7142857142857
Today's change: 1.47
33.27
Gross change for LUV is: 17.510526315789477
Today's change: 1.9
154.3
Gross change for KTOS is: 83.4054054054054
Today's change: 1.85
780.0
Gross change for ADT is: 330.5084745762712
Today's change: 2.36
2576.9
Gross change for HD is: 823.2907348242812
Today's change: 3.13
1571.3999999999999
Gross change for URI is: 482.0245398773006
Today's change: 3.26
6168.04
Gross change for AMZN is: -10821.122807017544
Today's change: -0.57
3008.0
Gross change for CCL is: -1834.1463414634147
Today's change: -1.64
2397.2999999999997
Gross change for FB is: 7990.999999999999
Today's change: 0.3
Current Would-Be Value: 112465.79
Change in portfolio: -0.23276386457311973
The market is closed.
2599.35
Gross change for ZM is: -185.6678571428571
Today's change: -0.14
10010.0
Gross change for FLIR is: 84.11764705882354
Today's change: 1.19
16528.0
Gross change for FVRR is: 41.32
Today's change: 4.0
173.52
Gross change for Z is: -2.798709677419355
Today's change: -0.62
2042.04
Gross change for GLD is: 42.5425
Today's change: 0.48
12398.72
Gross change for TMO is: 56.357818181818175
Today's change: 2.2
1543.0
Gross change for GILD is: 25.71666666666667
Today's change: 0.6
28804.499999999996
Gross change for PPLT is: -257.18303571428567
Today's change: -1.12
843.5
Gross change for NCR is: -46.861111111111114
Today's change: -0.18
404.46000000000004
Gross change for USO is: 2.9522627737226275
Today's change: 1.37
1226.8000000000002
Gross change for DGX is: 4.062251655629139
Today's change: 3.02
431.76
Gross change for SLV is: 2.9371428571428573
Today's change: 1.47
33.27
Gross change for LUV is: 0.17510526315789476
Today's change: 1.9
154.3
Gross change for KTOS is: 0.8340540540540541
Today's change: 1.85
780.0
Gross change for ADT is: 3.3050847457627124
Today's change: 2.36
2576.9
Gross change for HD is: 8.232907348242811
Today's change: 3.13
1571.3999999999999
Gross change for URI is: 4.820245398773006
Today's change: 3.26
6168.04
Gross change for AMZN is: -108.21122807017544
Today's change: -0.57
3008.0
Gross change for CCL is: -18.34146341463415
Today's change: -1.64
2397.2999999999997
Gross change for FB is: 79.91
Today's change: 0.3
Current Would-Be Value: 112465.79
Change in portfolio: -0.0023276386457311993
The market is closed.
2599.35
Gross change for ZM is: -185.6678571428571
Today's change: -0.14
10010.0
Gross change for FLIR is: 84.11764705882354
Today's change: 1.19
16528.0
Gross change for FVRR is: 41.32
Today's change: 4.0
173.52
Gross change for Z is: -2.798709677419355
Today's change: -0.62
2042.04
Gross change for GLD is: 42.5425
Today's change: 0.48
12398.72
Gross change for TMO is: 56.357818181818175
Today's change: 2.2
1543.0
Gross change for GILD is: 25.71666666666667
Today's change: 0.6
28804.499999999996
Gross change for PPLT is: -257.18303571428567
Today's change: -1.12
843.5
Gross change for NCR is: -46.861111111111114
Today's change: -0.18
404.46000000000004
Gross change for USO is: 2.9522627737226275
Today's change: 1.37
1226.8000000000002
Gross change for DGX is: 4.062251655629139
Today's change: 3.02
431.76
Gross change for SLV is: 2.9371428571428573
Today's change: 1.47
33.27
Gross change for LUV is: 0.17510526315789476
Today's change: 1.9
154.3
Gross change for KTOS is: 0.8340540540540541
Today's change: 1.85
780.0
Gross change for ADT is: 3.3050847457627124
Today's change: 2.36
2576.9
Gross change for HD is: 8.232907348242811
Today's change: 3.13
1571.3999999999999
Gross change for URI is: 4.820245398773006
Today's change: 3.26
6168.04
Gross change for AMZN is: -108.21122807017544
Today's change: -0.57
3008.0
Gross change for CCL is: -18.34146341463415
Today's change: -1.64
2397.2999999999997
Gross change for FB is: 79.91
Today's change: 0.3
Current Would-Be Value: 112465.79
Change in portfolio: -0.0023276386457311993
The market is closed.
Traceback (most recent call last):
  File "daytrade.py", line 126, in <module>
    main()
  File "daytrade.py", line 108, in main
    report_wouldbe()
  File "daytrade.py", line 33, in report_wouldbe
    portfolio[index][3] = curr_price(portfolio[index][0])
  File "daytrade.py", line 18, in curr_price
    barset = api.get_barset(stock, 'day', limit=1)
  File "/Users/skiwheelr/.local/lib/python3.7/site-packages/alpaca_trade_api/rest.py", line 359, in get_barset
    resp = self.data_get('/bars/{}'.format(timeframe), params)
  File "/Users/skiwheelr/.local/lib/python3.7/site-packages/alpaca_trade_api/rest.py", line 166, in data_get
    'GET', path, data, base_url=base_url, api_version='v1'
  File "/Users/skiwheelr/.local/lib/python3.7/site-packages/alpaca_trade_api/rest.py", line 115, in _request
    return self._one_request(method, url, opts, retry)
  File "/Users/skiwheelr/.local/lib/python3.7/site-packages/alpaca_trade_api/rest.py", line 136, in _one_request
    resp.raise_for_status()
  File "/opt/miniconda3/lib/python3.7/site-packages/requests/models.py", line 941, in raise_for_status
    raise HTTPError(http_error_msg, response=self)
requests.exceptions.HTTPError: 502 Server Error: Bad Gateway for url: https://data.alpaca.markets/v1/bars/day?symbols=ZM&limit=1
2599.35
Gross change for ZM is: -185.6678571428571
Today's change: -0.14
10010.0
Gross change for FLIR is: 84.11764705882354
Today's change: 1.19
16528.0
Gross change for FVRR is: 41.32
Today's change: 4.0
173.52
Gross change for Z is: -2.798709677419355
Today's change: -0.62
2042.04
Gross change for GLD is: 42.5425
Today's change: 0.48
12398.72
Gross change for TMO is: 56.357818181818175
Today's change: 2.2
1543.0
Gross change for GILD is: 25.71666666666667
Today's change: 0.6
28804.499999999996
Gross change for PPLT is: -257.18303571428567
Today's change: -1.12
843.5
Gross change for NCR is: -46.861111111111114
Today's change: -0.18
404.46000000000004
Gross change for USO is: 2.9522627737226275
Today's change: 1.37
1226.8000000000002
Gross change for DGX is: 4.062251655629139
Today's change: 3.02
431.76
Gross change for SLV is: 2.9371428571428573
Today's change: 1.47
33.27
Gross change for LUV is: 0.17510526315789476
Today's change: 1.9
154.3
Gross change for KTOS is: 0.8340540540540541
Today's change: 1.85
780.0
Gross change for ADT is: 3.3050847457627124
Today's change: 2.36
2576.9
Gross change for HD is: 8.232907348242811
Today's change: 3.13
1571.3999999999999
Gross change for URI is: 4.820245398773006
Today's change: 3.26
6168.04
Gross change for AMZN is: -108.21122807017544
Today's change: -0.57
3008.0
Gross change for CCL is: -18.34146341463415
Today's change: -1.64
2397.2999999999997
Gross change for FB is: 79.91
Today's change: 0.3
Current Would-Be Value: 112465.79
Change in portfolio: -0.0023276386457311993
The market is closed.
2599.35
Gross change for ZM is: -185.6678571428571
Today's change: -0.14
10010.0
Gross change for FLIR is: 84.11764705882354
Today's change: 1.19
16528.0
Gross change for FVRR is: 41.32
Today's change: 4.0
173.52
Gross change for Z is: -2.798709677419355
Today's change: -0.62
2042.04
Gross change for GLD is: 42.5425
Today's change: 0.48
12398.72
Gross change for TMO is: 56.357818181818175
Today's change: 2.2
1543.0
Gross change for GILD is: 25.71666666666667
Today's change: 0.6
28804.499999999996
Gross change for PPLT is: -257.18303571428567
Today's change: -1.12
843.5
Gross change for NCR is: -46.861111111111114
Today's change: -0.18
404.46000000000004
Gross change for USO is: 2.9522627737226275
Today's change: 1.37
1226.8000000000002
Gross change for DGX is: 4.062251655629139
Today's change: 3.02
431.76
Gross change for SLV is: 2.9371428571428573
Today's change: 1.47
33.27
Gross change for LUV is: 0.17510526315789476
Today's change: 1.9
154.3
Gross change for KTOS is: 0.8340540540540541
Today's change: 1.85
780.0
Gross change for ADT is: 3.3050847457627124
Today's change: 2.36
2576.9
Gross change for HD is: 8.232907348242811
Today's change: 3.13
1571.3999999999999
Gross change for URI is: 4.820245398773006
Today's change: 3.26
6168.04
Gross change for AMZN is: -108.21122807017544
Today's change: -0.57
3008.0
Gross change for CCL is: -18.34146341463415
Today's change: -1.64
2397.2999999999997
Gross change for FB is: 79.91
Today's change: 0.3
Current Would-Be Value: 112465.79
Change in portfolio: -0.0023276386457311993
The market is closed.
2599.35
Gross change for ZM is: -185.6678571428571
Today's change: -0.14
10010.0
Gross change for FLIR is: 84.11764705882354
Today's change: 1.19
16528.0
Gross change for FVRR is: 41.32
Today's change: 4.0
173.52
Gross change for Z is: -2.798709677419355
Today's change: -0.62
2042.04
Gross change for GLD is: 42.5425
Today's change: 0.48
12398.72
Gross change for TMO is: 56.357818181818175
Today's change: 2.2
1543.0
Gross change for GILD is: 25.71666666666667
Today's change: 0.6
28804.499999999996
Gross change for PPLT is: -257.18303571428567
Today's change: -1.12
843.5
Gross change for NCR is: -46.861111111111114
Today's change: -0.18
404.46000000000004
Gross change for USO is: 2.9522627737226275
Today's change: 1.37
1226.8000000000002
Gross change for DGX is: 4.062251655629139
Today's change: 3.02
431.76
Gross change for SLV is: 2.9371428571428573
Today's change: 1.47
33.27
Gross change for LUV is: 0.17510526315789476
Today's change: 1.9
154.3
Gross change for KTOS is: 0.8340540540540541
Today's change: 1.85
780.0
Gross change for ADT is: 3.3050847457627124
Today's change: 2.36
2576.9
Gross change for HD is: 8.232907348242811
Today's change: 3.13
1571.3999999999999
Gross change for URI is: 4.820245398773006
Today's change: 3.26
6168.04
Gross change for AMZN is: -108.21122807017544
Today's change: -0.57
3008.0
Gross change for CCL is: -18.34146341463415
Today's change: -1.64
2397.2999999999997
Gross change for FB is: 79.91
Today's change: 0.3
Current Would-Be Value: 112465.79
Change in portfolio: -0.0023276386457311993
The market is closed.
2599.35
Gross change for ZM is: -185.6678571428571
Today's change: -0.14
10010.0
Gross change for FLIR is: 84.11764705882354
Today's change: 1.19
16528.0
Gross change for FVRR is: 41.32
Today's change: 4.0
173.52
Gross change for Z is: -2.798709677419355
Today's change: -0.62
2042.04
Gross change for GLD is: 42.5425
Today's change: 0.48
12398.72
Gross change for TMO is: 56.357818181818175
Today's change: 2.2
1543.0
Gross change for GILD is: 25.71666666666667
Today's change: 0.6
28804.499999999996
Gross change for PPLT is: -257.18303571428567
Today's change: -1.12
843.5
Gross change for NCR is: -46.861111111111114
Today's change: -0.18
404.46000000000004
Gross change for USO is: 2.9522627737226275
Today's change: 1.37
1226.8000000000002
Gross change for DGX is: 4.062251655629139
Today's change: 3.02
431.76
Gross change for SLV is: 2.9371428571428573
Today's change: 1.47
33.27
Gross change for LUV is: 0.17510526315789476
Today's change: 1.9
154.3
Gross change for KTOS is: 0.8340540540540541
Today's change: 1.85
780.0
Gross change for ADT is: 3.3050847457627124
Today's change: 2.36
2576.9
Gross change for HD is: 8.232907348242811
Today's change: 3.13
1571.3999999999999
Gross change for URI is: 4.820245398773006
Today's change: 3.26
6168.04
Gross change for AMZN is: -108.21122807017544
Today's change: -0.57
3008.0
Gross change for CCL is: -18.34146341463415
Today's change: -1.64
2397.2999999999997
Gross change for FB is: 79.91
Today's change: 0.3
Current Would-Be Value: 112465.79
Change in portfolio: -0.0023276386457311993
The market is closed.
2599.35
Gross change for ZM is: -185.6678571428571
Today's change: -0.14
10010.0
Gross change for FLIR is: 84.11764705882354
Today's change: 1.19
16528.0
Gross change for FVRR is: 41.32
Today's change: 4.0
173.52
Gross change for Z is: -2.798709677419355
Today's change: -0.62
2042.04
Gross change for GLD is: 42.5425
Today's change: 0.48
12398.72
Gross change for TMO is: 56.357818181818175
Today's change: 2.2
1543.0
Gross change for GILD is: 25.71666666666667
Today's change: 0.6
28804.499999999996
Gross change for PPLT is: -257.18303571428567
Today's change: -1.12
843.5
Gross change for NCR is: -46.861111111111114
Today's change: -0.18
404.46000000000004
Gross change for USO is: 2.9522627737226275
Today's change: 1.37
1226.8000000000002
Gross change for DGX is: 4.062251655629139
Today's change: 3.02
431.76
Gross change for SLV is: 2.9371428571428573
Today's change: 1.47
33.27
Gross change for LUV is: 0.17510526315789476
Today's change: 1.9
154.3
Gross change for KTOS is: 0.8340540540540541
Today's change: 1.85
780.0
Gross change for ADT is: 3.3050847457627124
Today's change: 2.36
2576.9
Gross change for HD is: 8.232907348242811
Today's change: 3.13
1571.3999999999999
Gross change for URI is: 4.820245398773006
Today's change: 3.26
6168.04
Gross change for AMZN is: -108.21122807017544
Today's change: -0.57
3008.0
Gross change for CCL is: -18.34146341463415
Today's change: -1.64
2397.2999999999997
Gross change for FB is: 79.91
Today's change: 0.3
Current Would-Be Value: 112465.79
Change in portfolio: -0.0023276386457311993
The market is closed.
2599.35
Gross change for ZM is: -185.6678571428571
Today's change: -0.14
10010.0
Gross change for FLIR is: 84.11764705882354
Today's change: 1.19
16528.0
Gross change for FVRR is: 41.32
Today's change: 4.0
173.52
Gross change for Z is: -2.798709677419355
Today's change: -0.62
2042.04
Gross change for GLD is: 42.5425
Today's change: 0.48
12398.72
Gross change for TMO is: 56.357818181818175
Today's change: 2.2
1543.0
Gross change for GILD is: 25.71666666666667
Today's change: 0.6
28804.499999999996
Gross change for PPLT is: -257.18303571428567
Today's change: -1.12
843.5
Gross change for NCR is: -46.861111111111114
Today's change: -0.18
404.46000000000004
Gross change for USO is: 2.9522627737226275
Today's change: 1.37
1226.8000000000002
Gross change for DGX is: 4.062251655629139
Today's change: 3.02
431.76
Gross change for SLV is: 2.9371428571428573
Today's change: 1.47
33.27
Gross change for LUV is: 0.17510526315789476
Today's change: 1.9
154.3
Gross change for KTOS is: 0.8340540540540541
Today's change: 1.85
780.0
Gross change for ADT is: 3.3050847457627124
Today's change: 2.36
2576.9
Gross change for HD is: 8.232907348242811
Today's change: 3.13
1571.3999999999999
Gross change for URI is: 4.820245398773006
Today's change: 3.26
6168.04
Gross change for AMZN is: -108.21122807017544
Today's change: -0.57
3008.0
Gross change for CCL is: -18.34146341463415
Today's change: -1.64
2397.2999999999997
Gross change for FB is: 79.91
Today's change: 0.3
Current Would-Be Value: 112465.79
Change in portfolio: -0.0023276386457311993
The market is closed.
2599.35
Gross change for ZM is: -185.6678571428571
Today's change: -0.14
10010.0
Gross change for FLIR is: 84.11764705882354
Today's change: 1.19
16528.0
Gross change for FVRR is: 41.32
Today's change: 4.0
173.52
Gross change for Z is: -2.798709677419355
Today's change: -0.62
2042.04
Gross change for GLD is: 42.5425
Today's change: 0.48
12398.72
Gross change for TMO is: 56.357818181818175
Today's change: 2.2
1543.0
Gross change for GILD is: 25.71666666666667
Today's change: 0.6
28804.499999999996
Gross change for PPLT is: -257.18303571428567
Today's change: -1.12
843.5
Gross change for NCR is: -46.861111111111114
Today's change: -0.18
404.46000000000004
Gross change for USO is: 2.9522627737226275
Today's change: 1.37
1226.8000000000002
Gross change for DGX is: 4.062251655629139
Today's change: 3.02
431.76
Gross change for SLV is: 2.9371428571428573
Today's change: 1.47
33.27
Gross change for LUV is: 0.17510526315789476
Today's change: 1.9
154.3
Gross change for KTOS is: 0.8340540540540541
Today's change: 1.85
780.0
Gross change for ADT is: 3.3050847457627124
Today's change: 2.36
2576.9
Gross change for HD is: 8.232907348242811
Today's change: 3.13
1571.3999999999999
Gross change for URI is: 4.820245398773006
Today's change: 3.26
6168.04
Gross change for AMZN is: -108.21122807017544
Today's change: -0.57
3008.0
Gross change for CCL is: -18.34146341463415
Today's change: -1.64
2397.2999999999997
Gross change for FB is: 79.91
Today's change: 0.3
Current Would-Be Value: 112465.79
Change in portfolio: -0.0023276386457311993
The market is closed.
2599.35
Gross change for ZM is: -185.6678571428571
Today's change: -0.14
10010.0
Gross change for FLIR is: 84.11764705882354
Today's change: 1.19
16528.0
Gross change for FVRR is: 41.32
Today's change: 4.0
173.52
Gross change for Z is: -2.798709677419355
Today's change: -0.62
2042.04
Gross change for GLD is: 42.5425
Today's change: 0.48
12398.72
Gross change for TMO is: 56.357818181818175
Today's change: 2.2
1543.0
Gross change for GILD is: 25.71666666666667
Today's change: 0.6
28804.499999999996
Gross change for PPLT is: -257.18303571428567
Today's change: -1.12
843.5
Gross change for NCR is: -46.861111111111114
Today's change: -0.18
404.46000000000004
Gross change for USO is: 2.9522627737226275
Today's change: 1.37
1226.8000000000002
Gross change for DGX is: 4.062251655629139
Today's change: 3.02
431.76
Gross change for SLV is: 2.9371428571428573
Today's change: 1.47
33.27
Gross change for LUV is: 0.17510526315789476
Today's change: 1.9
154.3
Gross change for KTOS is: 0.8340540540540541
Today's change: 1.85
780.0
Gross change for ADT is: 3.3050847457627124
Today's change: 2.36
2576.9
Gross change for HD is: 8.232907348242811
Today's change: 3.13
1571.3999999999999
Gross change for URI is: 4.820245398773006
Today's change: 3.26
6168.04
Gross change for AMZN is: -108.21122807017544
Today's change: -0.57
3008.0
Gross change for CCL is: -18.34146341463415
Today's change: -1.64
2397.2999999999997
Gross change for FB is: 79.91
Today's change: 0.3
Current Would-Be Value: 112465.79
Change in portfolio: -0.0023276386457311993
The market is closed.
2599.35
Gross change for ZM is: -185.6678571428571
Today's change: -0.14
10010.0
Gross change for FLIR is: 84.11764705882354
Today's change: 1.19
16528.0
Gross change for FVRR is: 41.32
Today's change: 4.0
173.52
Gross change for Z is: -2.798709677419355
Today's change: -0.62
2042.04
Gross change for GLD is: 42.5425
Today's change: 0.48
12398.72
Gross change for TMO is: 56.357818181818175
Today's change: 2.2
1543.0
Gross change for GILD is: 25.71666666666667
Today's change: 0.6
28804.499999999996
Gross change for PPLT is: -257.18303571428567
Today's change: -1.12
843.5
Gross change for NCR is: -46.861111111111114
Today's change: -0.18
404.46000000000004
Gross change for USO is: 2.9522627737226275
Today's change: 1.37
1226.8000000000002
Gross change for DGX is: 4.062251655629139
Today's change: 3.02
431.76
Gross change for SLV is: 2.9371428571428573
Today's change: 1.47
33.27
Gross change for LUV is: 0.17510526315789476
Today's change: 1.9
154.3
Gross change for KTOS is: 0.8340540540540541
Today's change: 1.85
780.0
Gross change for ADT is: 3.3050847457627124
Today's change: 2.36
2576.9
Gross change for HD is: 8.232907348242811
Today's change: 3.13
1571.3999999999999
Gross change for URI is: 4.820245398773006
Today's change: 3.26
6168.04
Gross change for AMZN is: -108.21122807017544
Today's change: -0.57
3008.0
Gross change for CCL is: -18.34146341463415
Today's change: -1.64
2397.2999999999997
Gross change for FB is: 79.91
Today's change: 0.3
Current Would-Be Value: 112465.79
Change in portfolio: -0.0023276386457311993
The market is closed.
2599.35
Gross change for ZM is: -185.6678571428571
Today's change: -0.14
10010.0
Gross change for FLIR is: 84.11764705882354
Today's change: 1.19
16528.0
Gross change for FVRR is: 41.32
Today's change: 4.0
173.52
Gross change for Z is: -2.798709677419355
Today's change: -0.62
2042.04
Gross change for GLD is: 42.5425
Today's change: 0.48
12398.72
Gross change for TMO is: 56.357818181818175
Today's change: 2.2
1543.0
Gross change for GILD is: 25.71666666666667
Today's change: 0.6
28804.499999999996
Gross change for PPLT is: -257.18303571428567
Today's change: -1.12
843.5
Gross change for NCR is: -46.861111111111114
Today's change: -0.18
404.46000000000004
Gross change for USO is: 2.9522627737226275
Today's change: 1.37
1226.8000000000002
Gross change for DGX is: 4.062251655629139
Today's change: 3.02
431.76
Gross change for SLV is: 2.9371428571428573
Today's change: 1.47
33.27
Gross change for LUV is: 0.17510526315789476
Today's change: 1.9
154.3
Gross change for KTOS is: 0.8340540540540541
Today's change: 1.85
780.0
Gross change for ADT is: 3.3050847457627124
Today's change: 2.36
2576.9
Gross change for HD is: 8.232907348242811
Today's change: 3.13
1571.3999999999999
Gross change for URI is: 4.820245398773006
Today's change: 3.26
6168.04
Gross change for AMZN is: -108.21122807017544
Today's change: -0.57
3008.0
Gross change for CCL is: -18.34146341463415
Today's change: -1.64
2397.2999999999997
Gross change for FB is: 79.91
Today's change: 0.3
Current Would-Be Value: 112465.79
Change in portfolio: -0.0023276386457311993
The market is closed.
Current Portfolio Would-Be Value: 112465.79
The market is closed.
Current Portfolio Would-Be Value: 112465.79
The market is closed.
Traceback (most recent call last):
  File "daytrade.py", line 122, in <module>
    main()
  File "daytrade.py", line 104, in main
    report_wouldbe()
  File "daytrade.py", line 43, in report_wouldbe
    sumPortfolio[0][6] += grosschange
NameError: name 'grosschange' is not defined
Current Portfolio Would-Be Value: 112465.79
The market is closed.
Current Portfolio Would-Be Value: 112465.79
The market is closed.
Current Portfolio Would-Be Value: 112465.79
The market is closed.
Current Portfolio Would-Be Value: 112465.79
The market is closed.
Current Portfolio Would-Be Value: 112465.79
The market is closed.
Current Portfolio Would-Be Value: 112465.79
The market is closed.
Current Portfolio Would-Be Value: 112465.79
The market is closed.
Current Portfolio Would-Be Value: 112465.79
The market is closed.
Current Portfolio Would-Be Value: 112465.79
The market is closed.
Current Portfolio Would-Be Value: 112465.79
The market is closed.
Current Portfolio Would-Be Value: 112465.79
The market is closed.
Current Portfolio Would-Be Value: 112465.79
The market is closed.
Current Portfolio Would-Be Value: 112465.79
The market is closed.
Current Portfolio Would-Be Value: 112465.79
The market is closed.
Current Portfolio Would-Be Value: 112465.79
The market is closed.
Current Portfolio Would-Be Value: 112465.79
The market is closed.
Current Portfolio Would-Be Value: 112465.79
The market is closed.
Current Portfolio Would-Be Value: 112465.79
The market is closed.
Current Portfolio Would-Be Value: 112465.79
The market is closed.
Current Portfolio Would-Be Value: 112465.79
The market is closed.
Current Portfolio Would-Be Value: 112465.79
The market is closed.
Current Portfolio Would-Be Value: 112465.79
The market is closed.
Current Portfolio Would-Be Value: 112465.79
The market is closed.
Current Portfolio Would-Be Value: 112465.79
The market is closed.
Current Portfolio Would-Be Value: 112465.79
The market is closed.
Current Portfolio Would-Be Value: 112465.79
The market is closed.
Current Portfolio Would-Be Value: 112465.79
The market is closed.
Current Portfolio Would-Be Value: 112465.79
The market is closed.
Current Portfolio Would-Be Value: 112465.79
The market is closed.
Current Portfolio Would-Be Value: 112465.79
The market is closed.
Current Portfolio Would-Be Value: 112465.79
The market is closed.
Current Portfolio Would-Be Value: 112465.79
The market is closed.
Current Portfolio Would-Be Value: 112465.79
The market is closed.
Current Portfolio Would-Be Value: 112465.79
The market is closed.
Current Portfolio Would-Be Value: 112465.79
The market is closed.
Current Portfolio Would-Be Value: 112465.79
The market is closed.
Current Portfolio Would-Be Value: 112465.79
The market is closed.
Current Portfolio Would-Be Value: 112465.79
The market is closed.
Current Portfolio Would-Be Value: 112465.79
The market is closed.
Current Portfolio Would-Be Value: 112465.79
The market is closed.
Current Portfolio Would-Be Value: 112465.79
The market is closed.
Current Portfolio Would-Be Value: 112465.79
The market is closed.
Current Portfolio Would-Be Value: 112465.79
The market is closed.
Current Portfolio Would-Be Value: 112465.79
The market is closed.
Current Portfolio Would-Be Value: 112465.79
The market is closed.
Current Portfolio Would-Be Value: 112465.79
The market is closed.
Current Portfolio Would-Be Value: 112465.79
The market is closed.
Current Portfolio Would-Be Value: 112465.79
The market is closed.
Current Portfolio Would-Be Value: 112465.79
The market is closed.
Current Portfolio Would-Be Value: 112465.79
The market is closed.
Current Portfolio Would-Be Value: 112465.79
The market is closed.
Current Portfolio Would-Be Value: 112465.79
The market is closed.
Current Portfolio Would-Be Value: 112465.79
The market is closed.
Current Portfolio Would-Be Value: 112465.79
The market is closed.
Current Portfolio Would-Be Value: 112465.79
The market is closed.
Current Portfolio Would-Be Value: 112465.79
The market is closed.
Current Portfolio Would-Be Value: 112465.79
The market is closed.
Current Portfolio Would-Be Value: 112465.79
The market is closed.
Current Portfolio Would-Be Value: 112465.79
The market is closed.
Current Portfolio Would-Be Value: 112465.79
The market is closed.
Current Portfolio Would-Be Value: 112465.79
The market is closed.
Current Portfolio Would-Be Value: 112465.79
The market is closed.
